// 重构日志: 6eb77ec1
// 重构日志: 1d2b1a2b
// 重构日志: c72bbbd3
// 重构日志: 4eee0fde
// 重构日志: 9859f69a
// 同步 ID: 1775375c @ Sat May 30 08:20:08 UTC 2026
// 重构日志: b9462251
// 同步 ID: 62f4387a @ Sat Jun  6 15:47:02 UTC 2026
// 重构日志: 11228292
// 重构日志: 1967c52e
// 同步 ID: 2bbdc835 @ Tue Jun  9 17:17:10 UTC 2026
// 同步 ID: f2b6dae1 @ Tue Jun  9 19:35:20 UTC 2026
// 同步 ID: 02bb74af @ Thu Jun 11 00:54:47 UTC 2026
// 重构日志: c0eecc81
// 同步 ID: 64e2186a @ Thu Jun 11 18:49:32 UTC 2026
// 重构日志: 5543c4fc
// 重构日志: d219001a
// 重构日志: 5d2262e5
// 重构日志: 96c985d0
// 同步 ID: cd56ebeb @ Sun Jun 14 15:16:42 UTC 2026
// 同步 ID: da4ceb1b @ Sun Jun 14 21:38:37 UTC 2026
// 同步 ID: 4201846f @ Mon Jun 15 13:22:50 UTC 2026
